<?xml version="1.0" encoding="UTF-8"?>
<!-- Generated by org.testng.reporters.JUnitXMLReporter -->
<testsuite ignored="0" hostname="DESKTOP-N99ONFU" failures="0" tests="4" name="Default test" time="0.104" errors="0" timestamp="2022-01-17T21:22:10 EST">
  <testcase classname="selenium.project.MobileTest" name="mobileTestDemo" time="0.016"/>
  <testcase classname="selenium.project.SeleniumApplication" name="seleniumDemo" time="0.002"/>
  <testcase classname="selenium.project.RestAssuredApi" name="restAssuredTestDemo" time="0.002"/>
  <testcase classname="selenium.project.APITest" name="apiTestDemo" time="0.002"/>
</testsuite> <!-- Default test -->
